# JRE version: OpenJDK Runtime Environment (17.0.11) (build 17.0.11+0--11852314)
# Java VM: OpenJDK 64-Bit Server VM (17.0.11+0--11852314, mixed mode, tiered, compressed oops, compressed class ptrs, g1 gc, windows-amd64)
GC Precious Log:
 CPUs: 4 total, 4 available
 Memory: 3884M
 Large Page Support: Disabled
 NUMA Support: Disabled
 Compressed Oops: Enabled (32-bit)
 Heap Region Size: 1M
 Heap Min Capacity: 8M
 Heap Initial Capacity: 62M
 Heap Max Capacity: 2G
 Pre-touch: Disabled
 Parallel Workers: 4
 Concurrent Workers: 1
 Concurrent Refinement Workers: 4
 Periodic GC: Disabled
Heap:
 garbage-first heap   total 474112K, used 248458K [0x0000000080000000, 0x0000000100000000)
  region size 1024K, 14 young (14336K), 14 survivors (14336K)
 Metaspace       used 126013K, committed 127360K, reserved 557056K
  class space    used 17279K, committed 17856K, reserved 425984K
GC Heap History (20 events):
Event: 434.218 GC heap after
{Heap after GC invocations=132 (full 0):
 garbage-first heap   total 474112K, used 219637K [0x0000000080000000, 0x0000000100000000)
  region size 1024K, 6 young (6144K), 6 survivors (6144K)
 Metaspace       used 123035K, committed 124288K, reserved 557056K
  class space    used 16874K, committed 17408K, reserved 425984K
}
Event: 435.169 GC heap before
{Heap before GC invocations=132 (full 0):
 garbage-first heap   total 474112K, used 420341K [0x0000000080000000, 0x0000000100000000)
  region size 1024K, 200 young (204800K), 6 survivors (6144K)
 Metaspace       used 123035K, committed 124288K, reserved 557056K
  class space    used 16874K, committed 17408K, reserved 425984K
}
Event: 435.173 GC heap after
{Heap after GC invocations=133 (full 0):
 garbage-first heap   total 474112K, used 215574K [0x0000000080000000, 0x0000000100000000)
  region size 1024K, 3 young (3072K), 3 survivors (3072K)
 Metaspace       used 123035K, committed 124288K, reserved 557056K
  class space    used 16874K, committed 17408K, reserved 425984K
}
Event: 442.264 GC heap before
{Heap before GC invocations=133 (full 0):
 garbage-first heap   total 474112K, used 420374K [0x0000000080000000, 0x0000000100000000)
  region size 1024K, 201 young (205824K), 3 survivors (3072K)
 Metaspace       used 123035K, committed 124288K, reserved 557056K
  class space    used 16874K, committed 17408K, reserved 425984K
}
Event: 442.269 GC heap after
{Heap after GC invocations=134 (full 0):
 garbage-first heap   total 474112K, used 215806K [0x0000000080000000, 0x0000000100000000)
  region size 1024K, 3 young (3072K), 3 survivors (3072K)
 Metaspace       used 123035K, committed 124288K, reserved 557056K
  class space    used 16874K, committed 17408K, reserved 425984K
}
Event: 443.738 GC heap before
{Heap before GC invocations=134 (full 0):
 garbage-first heap   total 474112K, used 419582K [0x0000000080000000, 0x0000000100000000)
  region size 1024K, 201 young (205824K), 3 survivors (3072K)
 Metaspace       used 123038K, committed 124288K, reserved 557056K
  class space    used 16874K, committed 17408K, reserved 425984K
}
Event: 443.741 GC heap after
{Heap after GC invocations=135 (full 0):
 garbage-first heap   total 474112K, used 214512K [0x0000000080000000, 0x0000000100000000)
  region size 1024K, 2 young (2048K), 2 survivors (2048K)
 Metaspace       used 123038K, committed 124288K, reserved 557056K
  class space    used 16874K, committed 17408K, reserved 425984K
}
Event: 444.892 GC heap before
{Heap before GC invocations=135 (full 0):
 garbage-first heap   total 474112K, used 424432K [0x0000000080000000, 0x0000000100000000)
  region size 1024K, 203 young (207872K), 2 survivors (2048K)
 Metaspace       used 123040K, committed 124288K, reserved 557056K
  class space    used 16874K, committed 17408K, reserved 425984K
}
Event: 444.899 GC heap after
{Heap after GC invocations=136 (full 0):
 garbage-first heap   total 474112K, used 221011K [0x0000000080000000, 0x0000000100000000)
  region size 1024K, 6 young (6144K), 6 survivors (6144K)
 Metaspace       used 123040K, committed 124288K, reserved 557056K
  class space    used 16874K, committed 17408K, reserved 425984K
}
Event: 446.848 GC heap before
{Heap before GC invocations=136 (full 0):
 garbage-first heap   total 474112K, used 417619K [0x0000000080000000, 0x0000000100000000)
  region size 1024K, 197 young (201728K), 6 survivors (6144K)
 Metaspace       used 126000K, committed 127296K, reserved 557056K
  class space    used 17279K, committed 17856K, reserved 425984K
}
Event: 446.880 GC heap after
{Heap after GC invocations=137 (full 0):
 garbage-first heap   total 474112K, used 231680K [0x0000000080000000, 0x0000000100000000)
  region size 1024K, 15 young (15360K), 15 survivors (15360K)
 Metaspace       used 126000K, committed 127296K, reserved 557056K
  class space    used 17279K, committed 17856K, reserved 425984K
}
Event: 447.272 GC heap before
{Heap before GC invocations=137 (full 0):
 garbage-first heap   total 474112K, used 407808K [0x0000000080000000, 0x0000000100000000)
  region size 1024K, 187 young (191488K), 15 survivors (15360K)
 Metaspace       used 126001K, committed 127296K, reserved 557056K
  class space    used 17279K, committed 17856K, reserved 425984K
}
Event: 447.301 GC heap after
{Heap after GC invocations=138 (full 0):
 garbage-first heap   total 474112K, used 233202K [0x0000000080000000, 0x0000000100000000)
  region size 1024K, 12 young (12288K), 12 survivors (12288K)
 Metaspace       used 126001K, committed 127296K, reserved 557056K
  class space    used 17279K, committed 17856K, reserved 425984K
}
Event: 447.744 GC heap before
{Heap before GC invocations=138 (full 0):
 garbage-first heap   total 474112K, used 411378K [0x0000000080000000, 0x0000000100000000)
  region size 1024K, 186 young (190464K), 12 survivors (12288K)
 Metaspace       used 126001K, committed 127296K, reserved 557056K
  class space    used 17279K, committed 17856K, reserved 425984K
}
Event: 447.770 GC heap after
{Heap after GC invocations=139 (full 0):
 garbage-first heap   total 474112K, used 235787K [0x0000000080000000, 0x0000000100000000)
  region size 1024K, 15 young (15360K), 15 survivors (15360K)
 Metaspace       used 126001K, committed 127296K, reserved 557056K
  class space    used 17279K, committed 17856K, reserved 425984K
}
Event: 448.304 GC heap before
{Heap before GC invocations=139 (full 0):
 garbage-first heap   total 474112K, used 409867K [0x0000000080000000, 0x0000000100000000)
  region size 1024K, 185 young (189440K), 15 survivors (15360K)
 Metaspace       used 126012K, committed 127360K, reserved 557056K
  class space    used 17279K, committed 17856K, reserved 425984K
}
Event: 448.375 GC heap after
{Heap after GC invocations=140 (full 0):
 garbage-first heap   total 474112K, used 239692K [0x0000000080000000, 0x0000000100000000)
  region size 1024K, 9 young (9216K), 9 survivors (9216K)
 Metaspace       used 126012K, committed 127360K, reserved 557056K
  class space    used 17279K, committed 17856K, reserved 425984K
}
Event: 448.829 GC heap before
{Heap before GC invocations=140 (full 0):
 garbage-first heap   total 474112K, used 413772K [0x0000000080000000, 0x0000000100000000)
  region size 1024K, 177 young (181248K), 9 survivors (9216K)
 Metaspace       used 126013K, committed 127360K, reserved 557056K
  class space    used 17279K, committed 17856K, reserved 425984K
}
Event: 448.852 GC heap after
{Heap after GC invocations=141 (full 0):
 garbage-first heap   total 474112K, used 245324K [0x0000000080000000, 0x0000000100000000)
  region size 1024K, 12 young (12288K), 12 survivors (12288K)
 Metaspace       used 126013K, committed 127360K, reserved 557056K
  class space    used 17279K, committed 17856K, reserved 425984K
}
Event: 449.132 GC heap before
{Heap before GC invocations=141 (full 0):
 garbage-first heap   total 474112K, used 412236K [0x0000000080000000, 0x0000000100000000)
  region size 1024K, 175 young (179200K), 12 survivors (12288K)
 Metaspace       used 126013K, committed 127360K, reserved 557056K
  class space    used 17279K, committed 17856K, reserved 425984K
}

