# JRE version: OpenJDK Runtime Environment (17.0.11) (build 17.0.11+0--11852314)
# Java VM: OpenJDK 64-Bit Server VM (17.0.11+0--11852314, mixed mode, tiered, compressed oops, compressed class ptrs, g1 gc, windows-amd64)
GC Precious Log:
 CPUs: 4 total, 4 available
 Memory: 3884M
 Large Page Support: Disabled
 NUMA Support: Disabled
 Compressed Oops: Enabled (32-bit)
 Heap Region Size: 1M
 Heap Min Capacity: 8M
 Heap Initial Capacity: 62M
 Heap Max Capacity: 972M
 Pre-touch: Disabled
 Parallel Workers: 4
 Concurrent Workers: 1
 Concurrent Refinement Workers: 4
 Periodic GC: Disabled
Heap:
 garbage-first heap   total 140288K, used 127029K [0x00000000c3400000, 0x0000000100000000)
  region size 1024K, 5 young (5120K), 1 survivors (1024K)
 Metaspace       used 95947K, committed 96320K, reserved 1179648K
  class space    used 10232K, committed 10368K, reserved 1048576K
GC Heap History (20 events):
Event: 133.885 GC heap before
{Heap before GC invocations=119 (full 0):
 garbage-first heap   total 140288K, used 125415K [0x00000000c3400000, 0x0000000100000000)
  region size 1024K, 6 young (6144K), 1 survivors (1024K)
 Metaspace       used 95694K, committed 96064K, reserved 1179648K
  class space    used 10217K, committed 10368K, reserved 1048576K
}
Event: 133.887 GC heap after
{Heap after GC invocations=120 (full 0):
 garbage-first heap   total 140288K, used 120651K [0x00000000c3400000, 0x0000000100000000)
  region size 1024K, 1 young (1024K), 1 survivors (1024K)
 Metaspace       used 95694K, committed 96064K, reserved 1179648K
  class space    used 10217K, committed 10368K, reserved 1048576K
}
Event: 134.345 GC heap before
{Heap before GC invocations=120 (full 0):
 garbage-first heap   total 140288K, used 125771K [0x00000000c3400000, 0x0000000100000000)
  region size 1024K, 6 young (6144K), 1 survivors (1024K)
 Metaspace       used 95694K, committed 96064K, reserved 1179648K
  class space    used 10217K, committed 10368K, reserved 1048576K
}
Event: 134.348 GC heap after
{Heap after GC invocations=121 (full 0):
 garbage-first heap   total 140288K, used 120947K [0x00000000c3400000, 0x0000000100000000)
  region size 1024K, 1 young (1024K), 1 survivors (1024K)
 Metaspace       used 95694K, committed 96064K, reserved 1179648K
  class space    used 10217K, committed 10368K, reserved 1048576K
}
Event: 134.881 GC heap before
{Heap before GC invocations=121 (full 0):
 garbage-first heap   total 140288K, used 126067K [0x00000000c3400000, 0x0000000100000000)
  region size 1024K, 6 young (6144K), 1 survivors (1024K)
 Metaspace       used 95730K, committed 96064K, reserved 1179648K
  class space    used 10220K, committed 10368K, reserved 1048576K
}
Event: 134.887 GC heap after
{Heap after GC invocations=122 (full 0):
 garbage-first heap   total 140288K, used 121303K [0x00000000c3400000, 0x0000000100000000)
  region size 1024K, 1 young (1024K), 1 survivors (1024K)
 Metaspace       used 95730K, committed 96064K, reserved 1179648K
  class space    used 10220K, committed 10368K, reserved 1048576K
}
Event: 135.280 GC heap before
{Heap before GC invocations=122 (full 0):
 garbage-first heap   total 140288K, used 126423K [0x00000000c3400000, 0x0000000100000000)
  region size 1024K, 6 young (6144K), 1 survivors (1024K)
 Metaspace       used 95747K, committed 96128K, reserved 1179648K
  class space    used 10220K, committed 10368K, reserved 1048576K
}
Event: 135.285 GC heap after
{Heap after GC invocations=123 (full 0):
 garbage-first heap   total 140288K, used 121614K [0x00000000c3400000, 0x0000000100000000)
  region size 1024K, 1 young (1024K), 1 survivors (1024K)
 Metaspace       used 95747K, committed 96128K, reserved 1179648K
  class space    used 10220K, committed 10368K, reserved 1048576K
}
Event: 135.712 GC heap before
{Heap before GC invocations=123 (full 0):
 garbage-first heap   total 140288K, used 126734K [0x00000000c3400000, 0x0000000100000000)
  region size 1024K, 6 young (6144K), 1 survivors (1024K)
 Metaspace       used 95803K, committed 96128K, reserved 1179648K
  class space    used 10229K, committed 10368K, reserved 1048576K
}
Event: 135.722 GC heap after
{Heap after GC invocations=124 (full 0):
 garbage-first heap   total 140288K, used 122014K [0x00000000c3400000, 0x0000000100000000)
  region size 1024K, 1 young (1024K), 1 survivors (1024K)
 Metaspace       used 95803K, committed 96128K, reserved 1179648K
  class space    used 10229K, committed 10368K, reserved 1048576K
}
Event: 136.126 GC heap before
{Heap before GC invocations=124 (full 0):
 garbage-first heap   total 140288K, used 127134K [0x00000000c3400000, 0x0000000100000000)
  region size 1024K, 6 young (6144K), 1 survivors (1024K)
 Metaspace       used 95809K, committed 96128K, reserved 1179648K
  class space    used 10229K, committed 10368K, reserved 1048576K
}
Event: 136.134 GC heap after
{Heap after GC invocations=125 (full 0):
 garbage-first heap   total 140288K, used 122387K [0x00000000c3400000, 0x0000000100000000)
  region size 1024K, 1 young (1024K), 1 survivors (1024K)
 Metaspace       used 95809K, committed 96128K, reserved 1179648K
  class space    used 10229K, committed 10368K, reserved 1048576K
}
Event: 136.720 GC heap before
{Heap before GC invocations=125 (full 0):
 garbage-first heap   total 140288K, used 127507K [0x00000000c3400000, 0x0000000100000000)
  region size 1024K, 6 young (6144K), 1 survivors (1024K)
 Metaspace       used 95826K, committed 96192K, reserved 1179648K
  class space    used 10229K, committed 10368K, reserved 1048576K
}
Event: 136.731 GC heap after
{Heap after GC invocations=126 (full 0):
 garbage-first heap   total 140288K, used 122809K [0x00000000c3400000, 0x0000000100000000)
  region size 1024K, 1 young (1024K), 1 survivors (1024K)
 Metaspace       used 95826K, committed 96192K, reserved 1179648K
  class space    used 10229K, committed 10368K, reserved 1048576K
}
Event: 137.157 GC heap before
{Heap before GC invocations=126 (full 0):
 garbage-first heap   total 140288K, used 127929K [0x00000000c3400000, 0x0000000100000000)
  region size 1024K, 6 young (6144K), 1 survivors (1024K)
 Metaspace       used 95894K, committed 96256K, reserved 1179648K
  class space    used 10229K, committed 10368K, reserved 1048576K
}
Event: 137.163 GC heap after
{Heap after GC invocations=127 (full 0):
 garbage-first heap   total 140288K, used 123149K [0x00000000c3400000, 0x0000000100000000)
  region size 1024K, 1 young (1024K), 1 survivors (1024K)
 Metaspace       used 95894K, committed 96256K, reserved 1179648K
  class space    used 10229K, committed 10368K, reserved 1048576K
}
Event: 137.434 GC heap before
{Heap before GC invocations=127 (full 0):
 garbage-first heap   total 140288K, used 128269K [0x00000000c3400000, 0x0000000100000000)
  region size 1024K, 6 young (6144K), 1 survivors (1024K)
 Metaspace       used 95900K, committed 96256K, reserved 1179648K
  class space    used 10229K, committed 10368K, reserved 1048576K
}
Event: 137.439 GC heap after
{Heap after GC invocations=128 (full 0):
 garbage-first heap   total 140288K, used 123530K [0x00000000c3400000, 0x0000000100000000)
  region size 1024K, 1 young (1024K), 1 survivors (1024K)
 Metaspace       used 95900K, committed 96256K, reserved 1179648K
  class space    used 10229K, committed 10368K, reserved 1048576K
}
Event: 137.805 GC heap before
{Heap before GC invocations=128 (full 0):
 garbage-first heap   total 140288K, used 127626K [0x00000000c3400000, 0x0000000100000000)
  region size 1024K, 6 young (6144K), 1 survivors (1024K)
 Metaspace       used 95912K, committed 96256K, reserved 1179648K
  class space    used 10229K, committed 10368K, reserved 1048576K
}
Event: 137.808 GC heap after
{Heap after GC invocations=129 (full 0):
 garbage-first heap   total 140288K, used 123957K [0x00000000c3400000, 0x0000000100000000)
  region size 1024K, 1 young (1024K), 1 survivors (1024K)
 Metaspace       used 95912K, committed 96256K, reserved 1179648K
  class space    used 10229K, committed 10368K, reserved 1048576K
}

