# JRE version: OpenJDK Runtime Environment (17.0.11) (build 17.0.11+0--11852314)
# Java VM: OpenJDK 64-Bit Server VM (17.0.11+0--11852314, mixed mode, tiered, compressed oops, compressed class ptrs, g1 gc, windows-amd64)
GC Precious Log:
 CPUs: 4 total, 4 available
 Memory: 3884M
 Large Page Support: Disabled
 NUMA Support: Disabled
 Compressed Oops: Enabled (32-bit)
 Heap Region Size: 1M
 Heap Min Capacity: 8M
 Heap Initial Capacity: 62M
 Heap Max Capacity: 2G
 Pre-touch: Disabled
 Parallel Workers: 4
 Concurrent Workers: 1
 Concurrent Refinement Workers: 4
 Periodic GC: Disabled
Heap:
 garbage-first heap   total 498688K, used 360715K [0x0000000080000000, 0x0000000100000000)
  region size 1024K, 82 young (83968K), 1 survivors (1024K)
 Metaspace       used 146101K, committed 148032K, reserved 557056K
  class space    used 19874K, committed 20800K, reserved 425984K
GC Heap History (20 events):
Event: 489.765 GC heap before
{Heap before GC invocations=71 (full 0):
 garbage-first heap   total 449536K, used 290433K [0x0000000080000000, 0x0000000100000000)
  region size 1024K, 33 young (33792K), 5 survivors (5120K)
 Metaspace       used 134276K, committed 136064K, reserved 557056K
  class space    used 18268K, committed 19072K, reserved 425984K
}
Event: 489.807 GC heap after
{Heap after GC invocations=72 (full 0):
 garbage-first heap   total 449536K, used 262848K [0x0000000080000000, 0x0000000100000000)
  region size 1024K, 2 young (2048K), 2 survivors (2048K)
 Metaspace       used 134276K, committed 136064K, reserved 557056K
  class space    used 18268K, committed 19072K, reserved 425984K
}
Event: 498.083 GC heap before
{Heap before GC invocations=72 (full 0):
 garbage-first heap   total 449536K, used 281280K [0x0000000080000000, 0x0000000100000000)
  region size 1024K, 21 young (21504K), 2 survivors (2048K)
 Metaspace       used 134339K, committed 136128K, reserved 557056K
  class space    used 18269K, committed 19072K, reserved 425984K
}
Event: 498.100 GC heap after
{Heap after GC invocations=73 (full 0):
 garbage-first heap   total 449536K, used 262072K [0x0000000080000000, 0x0000000100000000)
  region size 1024K, 2 young (2048K), 2 survivors (2048K)
 Metaspace       used 134339K, committed 136128K, reserved 557056K
  class space    used 18269K, committed 19072K, reserved 425984K
}
Event: 524.750 GC heap before
{Heap before GC invocations=73 (full 0):
 garbage-first heap   total 449536K, used 323512K [0x0000000080000000, 0x0000000100000000)
  region size 1024K, 62 young (63488K), 2 survivors (2048K)
 Metaspace       used 134528K, committed 136320K, reserved 557056K
  class space    used 18273K, committed 19072K, reserved 425984K
}
Event: 524.845 GC heap after
{Heap after GC invocations=74 (full 0):
 garbage-first heap   total 449536K, used 263857K [0x0000000080000000, 0x0000000100000000)
  region size 1024K, 4 young (4096K), 4 survivors (4096K)
 Metaspace       used 134528K, committed 136320K, reserved 557056K
  class space    used 18273K, committed 19072K, reserved 425984K
}
Event: 547.333 GC heap before
{Heap before GC invocations=75 (full 0):
 garbage-first heap   total 490496K, used 323249K [0x0000000080000000, 0x0000000100000000)
  region size 1024K, 62 young (63488K), 4 survivors (4096K)
 Metaspace       used 134677K, committed 136448K, reserved 557056K
  class space    used 18283K, committed 19072K, reserved 425984K
}
Event: 547.345 GC heap after
{Heap after GC invocations=76 (full 0):
 garbage-first heap   total 490496K, used 264943K [0x0000000080000000, 0x0000000100000000)
  region size 1024K, 5 young (5120K), 5 survivors (5120K)
 Metaspace       used 134677K, committed 136448K, reserved 557056K
  class space    used 18283K, committed 19072K, reserved 425984K
}
Event: 556.849 GC heap before
{Heap before GC invocations=76 (full 0):
 garbage-first heap   total 490496K, used 283375K [0x0000000080000000, 0x0000000100000000)
  region size 1024K, 23 young (23552K), 5 survivors (5120K)
 Metaspace       used 134712K, committed 136512K, reserved 557056K
  class space    used 18283K, committed 19072K, reserved 425984K
}
Event: 556.936 GC heap after
{Heap after GC invocations=77 (full 0):
 garbage-first heap   total 490496K, used 264878K [0x0000000080000000, 0x0000000100000000)
  region size 1024K, 1 young (1024K), 1 survivors (1024K)
 Metaspace       used 134712K, committed 136512K, reserved 557056K
  class space    used 18283K, committed 19072K, reserved 425984K
}
Event: 572.717 GC heap before
{Heap before GC invocations=77 (full 0):
 garbage-first heap   total 490496K, used 354990K [0x0000000080000000, 0x0000000100000000)
  region size 1024K, 90 young (92160K), 1 survivors (1024K)
 Metaspace       used 135431K, committed 137280K, reserved 557056K
  class space    used 18369K, committed 19200K, reserved 425984K
}
Event: 572.814 GC heap after
{Heap after GC invocations=78 (full 0):
 garbage-first heap   total 490496K, used 271424K [0x0000000080000000, 0x0000000100000000)
  region size 1024K, 8 young (8192K), 8 survivors (8192K)
 Metaspace       used 135431K, committed 137280K, reserved 557056K
  class space    used 18369K, committed 19200K, reserved 425984K
}
Event: 605.958 GC heap before
{Heap before GC invocations=79 (full 0):
 garbage-first heap   total 498688K, used 359488K [0x0000000080000000, 0x0000000100000000)
  region size 1024K, 92 young (94208K), 8 survivors (8192K)
 Metaspace       used 142450K, committed 144320K, reserved 557056K
  class space    used 19325K, committed 20160K, reserved 425984K
}
Event: 606.694 GC heap after
{Heap after GC invocations=80 (full 0):
 garbage-first heap   total 498688K, used 280065K [0x0000000080000000, 0x0000000100000000)
  region size 1024K, 7 young (7168K), 7 survivors (7168K)
 Metaspace       used 142450K, committed 144320K, reserved 557056K
  class space    used 19325K, committed 20160K, reserved 425984K
}
Event: 607.535 GC heap before
{Heap before GC invocations=80 (full 0):
 garbage-first heap   total 498688K, used 297473K [0x0000000080000000, 0x0000000100000000)
  region size 1024K, 24 young (24576K), 7 survivors (7168K)
 Metaspace       used 142469K, committed 144320K, reserved 557056K
  class space    used 19325K, committed 20160K, reserved 425984K
}
Event: 607.695 GC heap after
{Heap after GC invocations=81 (full 0):
 garbage-first heap   total 498688K, used 279258K [0x0000000080000000, 0x0000000100000000)
  region size 1024K, 1 young (1024K), 1 survivors (1024K)
 Metaspace       used 142469K, committed 144320K, reserved 557056K
  class space    used 19325K, committed 20160K, reserved 425984K
}
Event: 609.629 GC heap before
{Heap before GC invocations=81 (full 0):
 garbage-first heap   total 498688K, used 337626K [0x0000000080000000, 0x0000000100000000)
  region size 1024K, 58 young (59392K), 1 survivors (1024K)
 Metaspace       used 142471K, committed 144384K, reserved 557056K
  class space    used 19325K, committed 20160K, reserved 425984K
}
Event: 609.696 GC heap after
{Heap after GC invocations=82 (full 0):
 garbage-first heap   total 498688K, used 278856K [0x0000000080000000, 0x0000000100000000)
  region size 1024K, 1 young (1024K), 1 survivors (1024K)
 Metaspace       used 142471K, committed 144384K, reserved 557056K
  class space    used 19325K, committed 20160K, reserved 425984K
}
Event: 610.946 GC heap before
{Heap before GC invocations=82 (full 0):
 garbage-first heap   total 498688K, used 358728K [0x0000000080000000, 0x0000000100000000)
  region size 1024K, 79 young (80896K), 1 survivors (1024K)
 Metaspace       used 142476K, committed 144384K, reserved 557056K
  class space    used 19327K, committed 20160K, reserved 425984K
}
Event: 610.950 GC heap after
{Heap after GC invocations=83 (full 0):
 garbage-first heap   total 498688K, used 278795K [0x0000000080000000, 0x0000000100000000)
  region size 1024K, 1 young (1024K), 1 survivors (1024K)
 Metaspace       used 142476K, committed 144384K, reserved 557056K
  class space    used 19327K, committed 20160K, reserved 425984K
}

