# JRE version: Java(TM) SE Runtime Environment (17.0.12+8) (build 17.0.12+8-LTS-286)
# Java VM: Java HotSpot(TM) 64-Bit Server VM (17.0.12+8-LTS-286, mixed mode, sharing, tiered, compressed oops, compressed class ptrs, g1 gc, windows-amd64)
GC Precious Log:
 CPUs: 4 total, 4 available
 Memory: 3884M
 Large Page Support: Disabled
 NUMA Support: Disabled
 Compressed Oops: Enabled (32-bit)
 Heap Region Size: 1M
 Heap Min Capacity: 8M
 Heap Initial Capacity: 62M
 Heap Max Capacity: 972M
 Pre-touch: Disabled
 Parallel Workers: 4
 Concurrent Workers: 1
 Concurrent Refinement Workers: 4
 Periodic GC: Disabled
Heap:
 garbage-first heap   total 94208K, used 63794K [0x00000000c3400000, 0x0000000100000000)
  region size 1024K, 13 young (13312K), 2 survivors (2048K)
 Metaspace       used 73582K, committed 73920K, reserved 1179648K
  class space    used 8273K, committed 8448K, reserved 1048576K
GC Heap History (20 events):
Event: 34.015 GC heap before
{Heap before GC invocations=23 (full 0):
 garbage-first heap   total 84992K, used 45631K [0x00000000c3400000, 0x0000000100000000)
  region size 1024K, 5 young (5120K), 4 survivors (4096K)
 Metaspace       used 45276K, committed 45504K, reserved 1114112K
  class space    used 5392K, committed 5504K, reserved 1048576K
}
Event: 34.027 GC heap after
{Heap after GC invocations=24 (full 0):
 garbage-first heap   total 84992K, used 42342K [0x00000000c3400000, 0x0000000100000000)
  region size 1024K, 1 young (1024K), 1 survivors (1024K)
 Metaspace       used 45276K, committed 45504K, reserved 1114112K
  class space    used 5392K, committed 5504K, reserved 1048576K
}
Event: 38.368 GC heap before
{Heap before GC invocations=24 (full 0):
 garbage-first heap   total 84992K, used 64870K [0x00000000c3400000, 0x0000000100000000)
  region size 1024K, 23 young (23552K), 1 survivors (1024K)
 Metaspace       used 48738K, committed 48960K, reserved 1114112K
  class space    used 5792K, committed 5888K, reserved 1048576K
}
Event: 38.382 GC heap after
{Heap after GC invocations=25 (full 0):
 garbage-first heap   total 84992K, used 45392K [0x00000000c3400000, 0x0000000100000000)
  region size 1024K, 3 young (3072K), 3 survivors (3072K)
 Metaspace       used 48738K, committed 48960K, reserved 1114112K
  class space    used 5792K, committed 5888K, reserved 1048576K
}
Event: 44.202 GC heap before
{Heap before GC invocations=26 (full 0):
 garbage-first heap   total 84992K, used 65872K [0x00000000c3400000, 0x0000000100000000)
  region size 1024K, 23 young (23552K), 3 survivors (3072K)
 Metaspace       used 51328K, committed 51584K, reserved 1114112K
  class space    used 5966K, committed 6080K, reserved 1048576K
}
Event: 44.227 GC heap after
{Heap after GC invocations=27 (full 0):
 garbage-first heap   total 84992K, used 48567K [0x00000000c3400000, 0x0000000100000000)
  region size 1024K, 3 young (3072K), 3 survivors (3072K)
 Metaspace       used 51328K, committed 51584K, reserved 1114112K
  class space    used 5966K, committed 6080K, reserved 1048576K
}
Event: 44.686 GC heap before
{Heap before GC invocations=27 (full 0):
 garbage-first heap   total 84992K, used 49591K [0x00000000c3400000, 0x0000000100000000)
  region size 1024K, 4 young (4096K), 3 survivors (3072K)
 Metaspace       used 51395K, committed 51712K, reserved 1114112K
  class space    used 5967K, committed 6144K, reserved 1048576K
}
Event: 44.714 GC heap after
{Heap after GC invocations=28 (full 0):
 garbage-first heap   total 84992K, used 48403K [0x00000000c3400000, 0x0000000100000000)
  region size 1024K, 1 young (1024K), 1 survivors (1024K)
 Metaspace       used 51395K, committed 51712K, reserved 1114112K
  class space    used 5967K, committed 6144K, reserved 1048576K
}
Event: 50.362 GC heap before
{Heap before GC invocations=28 (full 0):
 garbage-first heap   total 84992K, used 65811K [0x00000000c3400000, 0x0000000100000000)
  region size 1024K, 19 young (19456K), 1 survivors (1024K)
 Metaspace       used 56220K, committed 56576K, reserved 1114112K
  class space    used 6549K, committed 6720K, reserved 1048576K
}
Event: 50.372 GC heap after
{Heap after GC invocations=29 (full 0):
 garbage-first heap   total 84992K, used 48754K [0x00000000c3400000, 0x0000000100000000)
  region size 1024K, 1 young (1024K), 1 survivors (1024K)
 Metaspace       used 56220K, committed 56576K, reserved 1114112K
  class space    used 6549K, committed 6720K, reserved 1048576K
}
Event: 53.304 GC heap before
{Heap before GC invocations=30 (full 0):
 garbage-first heap   total 86016K, used 67186K [0x00000000c3400000, 0x0000000100000000)
  region size 1024K, 20 young (20480K), 1 survivors (1024K)
 Metaspace       used 60369K, committed 60736K, reserved 1114112K
  class space    used 6969K, committed 7168K, reserved 1048576K
}
Event: 53.313 GC heap after
{Heap after GC invocations=31 (full 0):
 garbage-first heap   total 86016K, used 50295K [0x00000000c3400000, 0x0000000100000000)
  region size 1024K, 3 young (3072K), 3 survivors (3072K)
 Metaspace       used 60369K, committed 60736K, reserved 1114112K
  class space    used 6969K, committed 7168K, reserved 1048576K
}
Event: 53.414 GC heap before
{Heap before GC invocations=31 (full 0):
 garbage-first heap   total 86016K, used 51319K [0x00000000c3400000, 0x0000000100000000)
  region size 1024K, 4 young (4096K), 3 survivors (3072K)
 Metaspace       used 60614K, committed 60992K, reserved 1114112K
  class space    used 6998K, committed 7168K, reserved 1048576K
}
Event: 53.437 GC heap after
{Heap after GC invocations=32 (full 0):
 garbage-first heap   total 86016K, used 50118K [0x00000000c3400000, 0x0000000100000000)
  region size 1024K, 1 young (1024K), 1 survivors (1024K)
 Metaspace       used 60614K, committed 60992K, reserved 1114112K
  class space    used 6998K, committed 7168K, reserved 1048576K
}
Event: 55.239 GC heap before
{Heap before GC invocations=32 (full 0):
 garbage-first heap   total 86016K, used 69574K [0x00000000c3400000, 0x0000000100000000)
  region size 1024K, 20 young (20480K), 1 survivors (1024K)
 Metaspace       used 64540K, committed 64896K, reserved 1114112K
  class space    used 7455K, committed 7616K, reserved 1048576K
}
Event: 55.247 GC heap after
{Heap after GC invocations=33 (full 0):
 garbage-first heap   total 86016K, used 51577K [0x00000000c3400000, 0x0000000100000000)
  region size 1024K, 2 young (2048K), 2 survivors (2048K)
 Metaspace       used 64540K, committed 64896K, reserved 1114112K
  class space    used 7455K, committed 7616K, reserved 1048576K
}
Event: 57.184 GC heap before
{Heap before GC invocations=33 (full 0):
 garbage-first heap   total 86016K, used 68985K [0x00000000c3400000, 0x0000000100000000)
  region size 1024K, 20 young (20480K), 2 survivors (2048K)
 Metaspace       used 68526K, committed 68864K, reserved 1114112K
  class space    used 7885K, committed 8064K, reserved 1048576K
}
Event: 57.196 GC heap after
{Heap after GC invocations=34 (full 0):
 garbage-first heap   total 86016K, used 52677K [0x00000000c3400000, 0x0000000100000000)
  region size 1024K, 2 young (2048K), 2 survivors (2048K)
 Metaspace       used 68526K, committed 68864K, reserved 1114112K
  class space    used 7885K, committed 8064K, reserved 1048576K
}
Event: 59.964 GC heap before
{Heap before GC invocations=34 (full 0):
 garbage-first heap   total 86016K, used 69061K [0x00000000c3400000, 0x0000000100000000)
  region size 1024K, 19 young (19456K), 2 survivors (2048K)
 Metaspace       used 72591K, committed 72896K, reserved 1114112K
  class space    used 8216K, committed 8384K, reserved 1048576K
}
Event: 59.982 GC heap after
{Heap after GC invocations=35 (full 0):
 garbage-first heap   total 86016K, used 53554K [0x00000000c3400000, 0x0000000100000000)
  region size 1024K, 2 young (2048K), 2 survivors (2048K)
 Metaspace       used 72591K, committed 72896K, reserved 1114112K
  class space    used 8216K, committed 8384K, reserved 1048576K
}

