# JRE version: Java(TM) SE Runtime Environment (17.0.12+8) (build 17.0.12+8-LTS-286)
# Java VM: Java HotSpot(TM) 64-Bit Server VM (17.0.12+8-LTS-286, mixed mode, sharing, tiered, compressed oops, compressed class ptrs, g1 gc, windows-amd64)
GC Precious Log:
 CPUs: 4 total, 4 available
 Memory: 3884M
 Large Page Support: Disabled
 NUMA Support: Disabled
 Compressed Oops: Enabled (32-bit)
 Heap Region Size: 1M
 Heap Min Capacity: 8M
 Heap Initial Capacity: 62M
 Heap Max Capacity: 972M
 Pre-touch: Disabled
 Parallel Workers: 4
 Concurrent Workers: 1
 Concurrent Refinement Workers: 4
 Periodic GC: Disabled
Heap:
 garbage-first heap   total 77824K, used 47399K [0x00000000c3400000, 0x0000000100000000)
  region size 1024K, 21 young (21504K), 1 survivors (1024K)
 Metaspace       used 33389K, committed 33600K, reserved 1114112K
  class space    used 4175K, committed 4288K, reserved 1048576K
GC Heap History (18 events):
Event: 0.853 GC heap before
{Heap before GC invocations=0 (full 0):
 garbage-first heap   total 63488K, used 17408K [0x00000000c3400000, 0x0000000100000000)
  region size 1024K, 13 young (13312K), 0 survivors (0K)
 Metaspace       used 3895K, committed 3968K, reserved 1114112K
  class space    used 317K, committed 384K, reserved 1048576K
}
Event: 0.859 GC heap after
{Heap after GC invocations=1 (full 0):
 garbage-first heap   total 63488K, used 6358K [0x00000000c3400000, 0x0000000100000000)
  region size 1024K, 2 young (2048K), 2 survivors (2048K)
 Metaspace       used 3895K, committed 3968K, reserved 1114112K
  class space    used 317K, committed 384K, reserved 1048576K
}
Event: 1.434 GC heap before
{Heap before GC invocations=1 (full 0):
 garbage-first heap   total 63488K, used 21718K [0x00000000c3400000, 0x0000000100000000)
  region size 1024K, 18 young (18432K), 2 survivors (2048K)
 Metaspace       used 7705K, committed 7872K, reserved 1114112K
  class space    used 813K, committed 896K, reserved 1048576K
}
Event: 1.442 GC heap after
{Heap after GC invocations=2 (full 0):
 garbage-first heap   total 63488K, used 7979K [0x00000000c3400000, 0x0000000100000000)
  region size 1024K, 2 young (2048K), 2 survivors (2048K)
 Metaspace       used 7705K, committed 7872K, reserved 1114112K
  class space    used 813K, committed 896K, reserved 1048576K
}
Event: 3.306 GC heap before
{Heap before GC invocations=2 (full 0):
 garbage-first heap   total 63488K, used 47915K [0x00000000c3400000, 0x0000000100000000)
  region size 1024K, 37 young (37888K), 2 survivors (2048K)
 Metaspace       used 16192K, committed 16384K, reserved 1114112K
  class space    used 1856K, committed 1984K, reserved 1048576K
}
Event: 3.322 GC heap after
{Heap after GC invocations=3 (full 0):
 garbage-first heap   total 63488K, used 17025K [0x00000000c3400000, 0x0000000100000000)
  region size 1024K, 5 young (5120K), 5 survivors (5120K)
 Metaspace       used 16192K, committed 16384K, reserved 1114112K
  class space    used 1856K, committed 1984K, reserved 1048576K
}
Event: 4.022 GC heap before
{Heap before GC invocations=3 (full 0):
 garbage-first heap   total 63488K, used 35457K [0x00000000c3400000, 0x0000000100000000)
  region size 1024K, 24 young (24576K), 5 survivors (5120K)
 Metaspace       used 21292K, committed 21504K, reserved 1114112K
  class space    used 2749K, committed 2880K, reserved 1048576K
}
Event: 4.045 GC heap after
{Heap after GC invocations=4 (full 0):
 garbage-first heap   total 63488K, used 21621K [0x00000000c3400000, 0x0000000100000000)
  region size 1024K, 4 young (4096K), 4 survivors (4096K)
 Metaspace       used 21292K, committed 21504K, reserved 1114112K
  class space    used 2749K, committed 2880K, reserved 1048576K
}
Event: 5.402 GC heap before
{Heap before GC invocations=5 (full 0):
 garbage-first heap   total 63488K, used 43125K [0x00000000c3400000, 0x0000000100000000)
  region size 1024K, 23 young (23552K), 4 survivors (4096K)
 Metaspace       used 22521K, committed 22784K, reserved 1114112K
  class space    used 2882K, committed 3008K, reserved 1048576K
}
Event: 5.422 GC heap after
{Heap after GC invocations=6 (full 0):
 garbage-first heap   total 63488K, used 28528K [0x00000000c3400000, 0x0000000100000000)
  region size 1024K, 3 young (3072K), 3 survivors (3072K)
 Metaspace       used 22521K, committed 22784K, reserved 1114112K
  class space    used 2882K, committed 3008K, reserved 1048576K
}
Event: 5.581 GC heap before
{Heap before GC invocations=6 (full 0):
 garbage-first heap   total 63488K, used 29552K [0x00000000c3400000, 0x0000000100000000)
  region size 1024K, 4 young (4096K), 3 survivors (3072K)
 Metaspace       used 22660K, committed 22912K, reserved 1114112K
  class space    used 2891K, committed 3008K, reserved 1048576K
}
Event: 5.592 GC heap after
{Heap after GC invocations=7 (full 0):
 garbage-first heap   total 63488K, used 29839K [0x00000000c3400000, 0x0000000100000000)
  region size 1024K, 1 young (1024K), 1 survivors (1024K)
 Metaspace       used 22660K, committed 22912K, reserved 1114112K
  class space    used 2891K, committed 3008K, reserved 1048576K
}
Event: 5.997 GC heap before
{Heap before GC invocations=7 (full 0):
 garbage-first heap   total 63488K, used 44175K [0x00000000c3400000, 0x0000000100000000)
  region size 1024K, 16 young (16384K), 1 survivors (1024K)
 Metaspace       used 26686K, committed 26880K, reserved 1114112K
  class space    used 3548K, committed 3648K, reserved 1048576K
}
Event: 6.002 GC heap after
{Heap after GC invocations=8 (full 0):
 garbage-first heap   total 63488K, used 30755K [0x00000000c3400000, 0x0000000100000000)
  region size 1024K, 2 young (2048K), 2 survivors (2048K)
 Metaspace       used 26686K, committed 26880K, reserved 1114112K
  class space    used 3548K, committed 3648K, reserved 1048576K
}
Event: 6.538 GC heap before
{Heap before GC invocations=9 (full 0):
 garbage-first heap   total 63488K, used 44067K [0x00000000c3400000, 0x0000000100000000)
  region size 1024K, 17 young (17408K), 2 survivors (2048K)
 Metaspace       used 29203K, committed 29440K, reserved 1114112K
  class space    used 3824K, committed 3904K, reserved 1048576K
}
Event: 6.546 GC heap after
{Heap after GC invocations=10 (full 0):
 garbage-first heap   total 63488K, used 30010K [0x00000000c3400000, 0x0000000100000000)
  region size 1024K, 3 young (3072K), 3 survivors (3072K)
 Metaspace       used 29203K, committed 29440K, reserved 1114112K
  class space    used 3824K, committed 3904K, reserved 1048576K
}
Event: 6.567 GC heap before
{Heap before GC invocations=10 (full 0):
 garbage-first heap   total 63488K, used 30010K [0x00000000c3400000, 0x0000000100000000)
  region size 1024K, 4 young (4096K), 3 survivors (3072K)
 Metaspace       used 29402K, committed 29696K, reserved 1114112K
  class space    used 3832K, committed 3968K, reserved 1048576K
}
Event: 6.574 GC heap after
{Heap after GC invocations=11 (full 0):
 garbage-first heap   total 77824K, used 28967K [0x00000000c3400000, 0x0000000100000000)
  region size 1024K, 1 young (1024K), 1 survivors (1024K)
 Metaspace       used 29402K, committed 29696K, reserved 1114112K
  class space    used 3832K, committed 3968K, reserved 1048576K
}

