# JRE version: Java(TM) SE Runtime Environment (17.0.12+8) (build 17.0.12+8-LTS-286)
# Java VM: Java HotSpot(TM) 64-Bit Server VM (17.0.12+8-LTS-286, mixed mode, sharing, tiered, compressed oops, compressed class ptrs, g1 gc, windows-amd64)
GC Precious Log:
 CPUs: 4 total, 4 available
 Memory: 3884M
 Large Page Support: Disabled
 NUMA Support: Disabled
 Compressed Oops: Enabled (32-bit)
 Heap Region Size: 1M
 Heap Min Capacity: 8M
 Heap Initial Capacity: 62M
 Heap Max Capacity: 972M
 Pre-touch: Disabled
 Parallel Workers: 4
 Concurrent Workers: 1
 Concurrent Refinement Workers: 4
 Periodic GC: Disabled
Heap:
 garbage-first heap   total 76800K, used 41086K [0x00000000c3400000, 0x0000000100000000)
  region size 1024K, 12 young (12288K), 4 survivors (4096K)
 Metaspace       used 35136K, committed 35392K, reserved 1114112K
  class space    used 4370K, committed 4480K, reserved 1048576K
GC Heap History (16 events):
Event: 0.854 GC heap before
{Heap before GC invocations=0 (full 0):
 garbage-first heap   total 63488K, used 17408K [0x00000000c3400000, 0x0000000100000000)
  region size 1024K, 13 young (13312K), 0 survivors (0K)
 Metaspace       used 3907K, committed 4032K, reserved 1114112K
  class space    used 319K, committed 384K, reserved 1048576K
}
Event: 0.863 GC heap after
{Heap after GC invocations=1 (full 0):
 garbage-first heap   total 63488K, used 6272K [0x00000000c3400000, 0x0000000100000000)
  region size 1024K, 2 young (2048K), 2 survivors (2048K)
 Metaspace       used 3907K, committed 4032K, reserved 1114112K
  class space    used 319K, committed 384K, reserved 1048576K
}
Event: 1.428 GC heap before
{Heap before GC invocations=1 (full 0):
 garbage-first heap   total 63488K, used 21632K [0x00000000c3400000, 0x0000000100000000)
  region size 1024K, 18 young (18432K), 2 survivors (2048K)
 Metaspace       used 7715K, committed 7872K, reserved 1114112K
  class space    used 813K, committed 896K, reserved 1048576K
}
Event: 1.436 GC heap after
{Heap after GC invocations=2 (full 0):
 garbage-first heap   total 63488K, used 8086K [0x00000000c3400000, 0x0000000100000000)
  region size 1024K, 2 young (2048K), 2 survivors (2048K)
 Metaspace       used 7715K, committed 7872K, reserved 1114112K
  class space    used 813K, committed 896K, reserved 1048576K
}
Event: 3.375 GC heap before
{Heap before GC invocations=2 (full 0):
 garbage-first heap   total 63488K, used 48022K [0x00000000c3400000, 0x0000000100000000)
  region size 1024K, 37 young (37888K), 2 survivors (2048K)
 Metaspace       used 16270K, committed 16512K, reserved 1114112K
  class space    used 1856K, committed 1984K, reserved 1048576K
}
Event: 3.397 GC heap after
{Heap after GC invocations=3 (full 0):
 garbage-first heap   total 63488K, used 19105K [0x00000000c3400000, 0x0000000100000000)
  region size 1024K, 5 young (5120K), 5 survivors (5120K)
 Metaspace       used 16270K, committed 16512K, reserved 1114112K
  class space    used 1856K, committed 1984K, reserved 1048576K
}
Event: 4.028 GC heap before
{Heap before GC invocations=3 (full 0):
 garbage-first heap   total 63488K, used 33441K [0x00000000c3400000, 0x0000000100000000)
  region size 1024K, 21 young (21504K), 5 survivors (5120K)
 Metaspace       used 21308K, committed 21504K, reserved 1114112K
  class space    used 2734K, committed 2816K, reserved 1048576K
}
Event: 4.047 GC heap after
{Heap after GC invocations=4 (full 0):
 garbage-first heap   total 63488K, used 21721K [0x00000000c3400000, 0x0000000100000000)
  region size 1024K, 3 young (3072K), 3 survivors (3072K)
 Metaspace       used 21308K, committed 21504K, reserved 1114112K
  class space    used 2734K, committed 2816K, reserved 1048576K
}
Event: 5.168 GC heap before
{Heap before GC invocations=5 (full 0):
 garbage-first heap   total 63488K, used 42201K [0x00000000c3400000, 0x0000000100000000)
  region size 1024K, 21 young (21504K), 3 survivors (3072K)
 Metaspace       used 23412K, committed 23616K, reserved 1114112K
  class space    used 3208K, committed 3328K, reserved 1048576K
}
Event: 5.185 GC heap after
{Heap after GC invocations=6 (full 0):
 garbage-first heap   total 63488K, used 27648K [0x00000000c3400000, 0x0000000100000000)
  region size 1024K, 3 young (3072K), 3 survivors (3072K)
 Metaspace       used 23412K, committed 23616K, reserved 1114112K
  class space    used 3208K, committed 3328K, reserved 1048576K
}
Event: 5.229 GC heap before
{Heap before GC invocations=6 (full 0):
 garbage-first heap   total 63488K, used 28672K [0x00000000c3400000, 0x0000000100000000)
  region size 1024K, 4 young (4096K), 3 survivors (3072K)
 Metaspace       used 23704K, committed 23872K, reserved 1114112K
  class space    used 3251K, committed 3328K, reserved 1048576K
}
Event: 5.244 GC heap after
{Heap after GC invocations=7 (full 0):
 garbage-first heap   total 76800K, used 28245K [0x00000000c3400000, 0x0000000100000000)
  region size 1024K, 1 young (1024K), 1 survivors (1024K)
 Metaspace       used 23704K, committed 23872K, reserved 1114112K
  class space    used 3251K, committed 3328K, reserved 1048576K
}
Event: 5.928 GC heap before
{Heap before GC invocations=7 (full 0):
 garbage-first heap   total 76800K, used 49749K [0x00000000c3400000, 0x0000000100000000)
  region size 1024K, 23 young (23552K), 1 survivors (1024K)
 Metaspace       used 28487K, committed 28736K, reserved 1114112K
  class space    used 3762K, committed 3840K, reserved 1048576K
}
Event: 5.935 GC heap after
{Heap after GC invocations=8 (full 0):
 garbage-first heap   total 76800K, used 30578K [0x00000000c3400000, 0x0000000100000000)
  region size 1024K, 3 young (3072K), 3 survivors (3072K)
 Metaspace       used 28487K, committed 28736K, reserved 1114112K
  class space    used 3762K, committed 3840K, reserved 1048576K
}
Event: 6.742 GC heap before
{Heap before GC invocations=8 (full 0):
 garbage-first heap   total 76800K, used 52082K [0x00000000c3400000, 0x0000000100000000)
  region size 1024K, 25 young (25600K), 3 survivors (3072K)
 Metaspace       used 32875K, committed 33088K, reserved 1114112K
  class space    used 4142K, committed 4224K, reserved 1048576K
}
Event: 6.754 GC heap after
{Heap after GC invocations=9 (full 0):
 garbage-first heap   total 76800K, used 33918K [0x00000000c3400000, 0x0000000100000000)
  region size 1024K, 4 young (4096K), 4 survivors (4096K)
 Metaspace       used 32875K, committed 33088K, reserved 1114112K
  class space    used 4142K, committed 4224K, reserved 1048576K
}

