# JRE version: OpenJDK Runtime Environment (17.0.11) (build 17.0.11+0--11852314)
# Java VM: OpenJDK 64-Bit Server VM (17.0.11+0--11852314, mixed mode, tiered, compressed oops, compressed class ptrs, g1 gc, windows-amd64)
GC Precious Log:
 CPUs: 4 total, 4 available
 Memory: 3884M
 Large Page Support: Disabled
 NUMA Support: Disabled
 Compressed Oops: Enabled (32-bit)
 Heap Region Size: 1M
 Heap Min Capacity: 8M
 Heap Initial Capacity: 62M
 Heap Max Capacity: 972M
 Pre-touch: Disabled
 Parallel Workers: 4
 Concurrent Workers: 1
 Concurrent Refinement Workers: 4
 Periodic GC: Disabled
Heap:
 garbage-first heap   total 299008K, used 170401K [0x00000000c3400000, 0x0000000100000000)
  region size 1024K, 12 young (12288K), 11 survivors (11264K)
 Metaspace       used 97022K, committed 97344K, reserved 1179648K
  class space    used 10247K, committed 10368K, reserved 1048576K
GC Heap History (20 events):
Event: 87.189 GC heap after
{Heap after GC invocations=82 (full 0):
 garbage-first heap   total 201728K, used 114876K [0x00000000c3400000, 0x0000000100000000)
  region size 1024K, 1 young (1024K), 1 survivors (1024K)
 Metaspace       used 72446K, committed 72768K, reserved 1114112K
  class space    used 8098K, committed 8256K, reserved 1048576K
}
Event: 95.111 GC heap before
{Heap before GC invocations=83 (full 0):
 garbage-first heap   total 201728K, used 173244K [0x00000000c3400000, 0x0000000100000000)
  region size 1024K, 58 young (59392K), 1 survivors (1024K)
 Metaspace       used 72727K, committed 73088K, reserved 1114112K
  class space    used 8101K, committed 8256K, reserved 1048576K
}
Event: 95.123 GC heap after
{Heap after GC invocations=84 (full 0):
 garbage-first heap   total 201728K, used 118864K [0x00000000c3400000, 0x0000000100000000)
  region size 1024K, 5 young (5120K), 5 survivors (5120K)
 Metaspace       used 72727K, committed 73088K, reserved 1114112K
  class space    used 8101K, committed 8256K, reserved 1048576K
}
Event: 95.406 GC heap before
{Heap before GC invocations=84 (full 0):
 garbage-first heap   total 201728K, used 122960K [0x00000000c3400000, 0x0000000100000000)
  region size 1024K, 9 young (9216K), 5 survivors (5120K)
 Metaspace       used 72731K, committed 73088K, reserved 1114112K
  class space    used 8101K, committed 8256K, reserved 1048576K
}
Event: 95.419 GC heap after
{Heap after GC invocations=85 (full 0):
 garbage-first heap   total 201728K, used 118355K [0x00000000c3400000, 0x0000000100000000)
  region size 1024K, 2 young (2048K), 2 survivors (2048K)
 Metaspace       used 72731K, committed 73088K, reserved 1114112K
  class space    used 8101K, committed 8256K, reserved 1048576K
}
Event: 99.330 GC heap before
{Heap before GC invocations=85 (full 0):
 garbage-first heap   total 201728K, used 169555K [0x00000000c3400000, 0x0000000100000000)
  region size 1024K, 52 young (53248K), 2 survivors (2048K)
 Metaspace       used 73383K, committed 73728K, reserved 1179648K
  class space    used 8149K, committed 8320K, reserved 1048576K
}
Event: 99.338 GC heap after
{Heap after GC invocations=86 (full 0):
 garbage-first heap   total 299008K, used 119267K [0x00000000c3400000, 0x0000000100000000)
  region size 1024K, 3 young (3072K), 3 survivors (3072K)
 Metaspace       used 73383K, committed 73728K, reserved 1179648K
  class space    used 8149K, committed 8320K, reserved 1048576K
}
Event: 109.887 GC heap before
{Heap before GC invocations=86 (full 0):
 garbage-first heap   total 299008K, used 242147K [0x00000000c3400000, 0x0000000100000000)
  region size 1024K, 123 young (125952K), 3 survivors (3072K)
 Metaspace       used 80061K, committed 80384K, reserved 1179648K
  class space    used 8747K, committed 8896K, reserved 1048576K
}
Event: 109.928 GC heap after
{Heap after GC invocations=87 (full 0):
 garbage-first heap   total 299008K, used 138240K [0x00000000c3400000, 0x0000000100000000)
  region size 1024K, 16 young (16384K), 16 survivors (16384K)
 Metaspace       used 80061K, committed 80384K, reserved 1179648K
  class space    used 8747K, committed 8896K, reserved 1048576K
}
Event: 116.149 GC heap before
{Heap before GC invocations=87 (full 0):
 garbage-first heap   total 299008K, used 228352K [0x00000000c3400000, 0x0000000100000000)
  region size 1024K, 104 young (106496K), 16 survivors (16384K)
 Metaspace       used 87536K, committed 87872K, reserved 1179648K
  class space    used 9552K, committed 9728K, reserved 1048576K
}
Event: 116.226 GC heap after
{Heap after GC invocations=88 (full 0):
 garbage-first heap   total 299008K, used 152165K [0x00000000c3400000, 0x0000000100000000)
  region size 1024K, 13 young (13312K), 13 survivors (13312K)
 Metaspace       used 87536K, committed 87872K, reserved 1179648K
  class space    used 9552K, committed 9728K, reserved 1048576K
}
Event: 121.833 GC heap before
{Heap before GC invocations=88 (full 0):
 garbage-first heap   total 299008K, used 229989K [0x00000000c3400000, 0x0000000100000000)
  region size 1024K, 89 young (91136K), 13 survivors (13312K)
 Metaspace       used 90511K, committed 90816K, reserved 1179648K
  class space    used 9802K, committed 9920K, reserved 1048576K
}
Event: 121.915 GC heap after
{Heap after GC invocations=89 (full 0):
 garbage-first heap   total 299008K, used 157184K [0x00000000c3400000, 0x0000000100000000)
  region size 1024K, 4 young (4096K), 4 survivors (4096K)
 Metaspace       used 90511K, committed 90816K, reserved 1179648K
  class space    used 9802K, committed 9920K, reserved 1048576K
}
Event: 124.866 GC heap before
{Heap before GC invocations=89 (full 0):
 garbage-first heap   total 299008K, used 238080K [0x00000000c3400000, 0x0000000100000000)
  region size 1024K, 83 young (84992K), 4 survivors (4096K)
 Metaspace       used 91096K, committed 91392K, reserved 1179648K
  class space    used 9843K, committed 9984K, reserved 1048576K
}
Event: 124.889 GC heap after
{Heap after GC invocations=90 (full 0):
 garbage-first heap   total 299008K, used 160083K [0x00000000c3400000, 0x0000000100000000)
  region size 1024K, 7 young (7168K), 7 survivors (7168K)
 Metaspace       used 91096K, committed 91392K, reserved 1179648K
  class space    used 9843K, committed 9984K, reserved 1048576K
}
Event: 127.197 GC heap before
{Heap before GC invocations=90 (full 0):
 garbage-first heap   total 299008K, used 243027K [0x00000000c3400000, 0x0000000100000000)
  region size 1024K, 88 young (90112K), 7 survivors (7168K)
 Metaspace       used 91465K, committed 91776K, reserved 1179648K
  class space    used 9855K, committed 9984K, reserved 1048576K
}
Event: 127.226 GC heap after
{Heap after GC invocations=91 (full 0):
 garbage-first heap   total 299008K, used 162604K [0x00000000c3400000, 0x0000000100000000)
  region size 1024K, 6 young (6144K), 6 survivors (6144K)
 Metaspace       used 91465K, committed 91776K, reserved 1179648K
  class space    used 9855K, committed 9984K, reserved 1048576K
}
Event: 130.088 GC heap before
{Heap before GC invocations=91 (full 0):
 garbage-first heap   total 299008K, used 246572K [0x00000000c3400000, 0x0000000100000000)
  region size 1024K, 88 young (90112K), 6 survivors (6144K)
 Metaspace       used 92136K, committed 92416K, reserved 1179648K
  class space    used 9906K, committed 10048K, reserved 1048576K
}
Event: 130.109 GC heap after
{Heap after GC invocations=92 (full 0):
 garbage-first heap   total 299008K, used 164443K [0x00000000c3400000, 0x0000000100000000)
  region size 1024K, 8 young (8192K), 8 survivors (8192K)
 Metaspace       used 92136K, committed 92416K, reserved 1179648K
  class space    used 9906K, committed 10048K, reserved 1048576K
}
Event: 138.016 GC heap before
{Heap before GC invocations=92 (full 0):
 garbage-first heap   total 299008K, used 247387K [0x00000000c3400000, 0x0000000100000000)
  region size 1024K, 90 young (92160K), 8 survivors (8192K)
 Metaspace       used 97010K, committed 97344K, reserved 1179648K
  class space    used 10247K, committed 10368K, reserved 1048576K
}

