# JRE version: Java(TM) SE Runtime Environment (17.0.12+8) (build 17.0.12+8-LTS-286)
# Java VM: Java HotSpot(TM) 64-Bit Server VM (17.0.12+8-LTS-286, mixed mode, sharing, tiered, compressed oops, compressed class ptrs, g1 gc, windows-amd64)
GC Precious Log:
 CPUs: 4 total, 4 available
 Memory: 3884M
 Large Page Support: Disabled
 NUMA Support: Disabled
 Compressed Oops: Enabled (32-bit)
 Heap Region Size: 1M
 Heap Min Capacity: 8M
 Heap Initial Capacity: 62M
 Heap Max Capacity: 972M
 Pre-touch: Disabled
 Parallel Workers: 4
 Concurrent Workers: 1
 Concurrent Refinement Workers: 4
 Periodic GC: Disabled
Heap:
 garbage-first heap   total 76800K, used 59136K [0x00000000c3400000, 0x0000000100000000)
  region size 1024K, 13 young (13312K), 2 survivors (2048K)
 Metaspace       used 58708K, committed 59008K, reserved 1114112K
  class space    used 6586K, committed 6720K, reserved 1048576K
GC Heap History (20 events):
Event: 34.802 GC heap before
{Heap before GC invocations=20 (full 0):
 garbage-first heap   total 63488K, used 38145K [0x00000000c3400000, 0x0000000100000000)
  region size 1024K, 3 young (3072K), 2 survivors (2048K)
 Metaspace       used 44886K, committed 45184K, reserved 1114112K
  class space    used 5370K, committed 5504K, reserved 1048576K
}
Event: 34.812 GC heap after
{Heap after GC invocations=21 (full 0):
 garbage-first heap   total 63488K, used 37299K [0x00000000c3400000, 0x0000000100000000)
  region size 1024K, 1 young (1024K), 1 survivors (1024K)
 Metaspace       used 44886K, committed 45184K, reserved 1114112K
  class space    used 5370K, committed 5504K, reserved 1048576K
}
Event: 36.833 GC heap before
{Heap before GC invocations=21 (full 0):
 garbage-first heap   total 63488K, used 49587K [0x00000000c3400000, 0x0000000100000000)
  region size 1024K, 13 young (13312K), 1 survivors (1024K)
 Metaspace       used 46449K, committed 46720K, reserved 1114112K
  class space    used 5564K, committed 5696K, reserved 1048576K
}
Event: 36.844 GC heap after
{Heap after GC invocations=22 (full 0):
 garbage-first heap   total 63488K, used 39749K [0x00000000c3400000, 0x0000000100000000)
  region size 1024K, 2 young (2048K), 2 survivors (2048K)
 Metaspace       used 46449K, committed 46720K, reserved 1114112K
  class space    used 5564K, committed 5696K, reserved 1048576K
}
Event: 39.141 GC heap before
{Heap before GC invocations=23 (full 0):
 garbage-first heap   total 68608K, used 49989K [0x00000000c3400000, 0x0000000100000000)
  region size 1024K, 12 young (12288K), 2 survivors (2048K)
 Metaspace       used 48538K, committed 48896K, reserved 1114112K
  class space    used 5783K, committed 5952K, reserved 1048576K
}
Event: 39.158 GC heap after
{Heap after GC invocations=24 (full 0):
 garbage-first heap   total 68608K, used 40861K [0x00000000c3400000, 0x0000000100000000)
  region size 1024K, 1 young (1024K), 1 survivors (1024K)
 Metaspace       used 48538K, committed 48896K, reserved 1114112K
  class space    used 5783K, committed 5952K, reserved 1048576K
}
Event: 43.661 GC heap before
{Heap before GC invocations=24 (full 0):
 garbage-first heap   total 68608K, used 56221K [0x00000000c3400000, 0x0000000100000000)
  region size 1024K, 15 young (15360K), 1 survivors (1024K)
 Metaspace       used 49865K, committed 50176K, reserved 1114112K
  class space    used 5838K, committed 5952K, reserved 1048576K
}
Event: 43.672 GC heap after
{Heap after GC invocations=25 (full 0):
 garbage-first heap   total 68608K, used 43695K [0x00000000c3400000, 0x0000000100000000)
  region size 1024K, 2 young (2048K), 2 survivors (2048K)
 Metaspace       used 49865K, committed 50176K, reserved 1114112K
  class space    used 5838K, committed 5952K, reserved 1048576K
}
Event: 46.317 GC heap before
{Heap before GC invocations=25 (full 0):
 garbage-first heap   total 68608K, used 55983K [0x00000000c3400000, 0x0000000100000000)
  region size 1024K, 14 young (14336K), 2 survivors (2048K)
 Metaspace       used 50553K, committed 50816K, reserved 1114112K
  class space    used 5879K, committed 6016K, reserved 1048576K
}
Event: 46.331 GC heap after
{Heap after GC invocations=26 (full 0):
 garbage-first heap   total 68608K, used 44500K [0x00000000c3400000, 0x0000000100000000)
  region size 1024K, 2 young (2048K), 2 survivors (2048K)
 Metaspace       used 50553K, committed 50816K, reserved 1114112K
  class space    used 5879K, committed 6016K, reserved 1048576K
}
Event: 49.869 GC heap before
{Heap before GC invocations=27 (full 0):
 garbage-first heap   total 76800K, used 55764K [0x00000000c3400000, 0x0000000100000000)
  region size 1024K, 13 young (13312K), 2 survivors (2048K)
 Metaspace       used 51414K, committed 51776K, reserved 1114112K
  class space    used 5922K, committed 6080K, reserved 1048576K
}
Event: 49.880 GC heap after
{Heap after GC invocations=28 (full 0):
 garbage-first heap   total 76800K, used 45887K [0x00000000c3400000, 0x0000000100000000)
  region size 1024K, 2 young (2048K), 2 survivors (2048K)
 Metaspace       used 51414K, committed 51776K, reserved 1114112K
  class space    used 5922K, committed 6080K, reserved 1048576K
}
Event: 50.115 GC heap before
{Heap before GC invocations=28 (full 0):
 garbage-first heap   total 76800K, used 46911K [0x00000000c3400000, 0x0000000100000000)
  region size 1024K, 3 young (3072K), 2 survivors (2048K)
 Metaspace       used 51471K, committed 51840K, reserved 1114112K
  class space    used 5922K, committed 6080K, reserved 1048576K
}
Event: 50.125 GC heap after
{Heap after GC invocations=29 (full 0):
 garbage-first heap   total 76800K, used 45964K [0x00000000c3400000, 0x0000000100000000)
  region size 1024K, 1 young (1024K), 1 survivors (1024K)
 Metaspace       used 51471K, committed 51840K, reserved 1114112K
  class space    used 5922K, committed 6080K, reserved 1048576K
}
Event: 52.470 GC heap before
{Heap before GC invocations=29 (full 0):
 garbage-first heap   total 76800K, used 61324K [0x00000000c3400000, 0x0000000100000000)
  region size 1024K, 16 young (16384K), 1 survivors (1024K)
 Metaspace       used 52041K, committed 52288K, reserved 1114112K
  class space    used 5947K, committed 6080K, reserved 1048576K
}
Event: 52.478 GC heap after
{Heap after GC invocations=30 (full 0):
 garbage-first heap   total 76800K, used 47604K [0x00000000c3400000, 0x0000000100000000)
  region size 1024K, 2 young (2048K), 2 survivors (2048K)
 Metaspace       used 52041K, committed 52288K, reserved 1114112K
  class space    used 5947K, committed 6080K, reserved 1048576K
}
Event: 54.516 GC heap before
{Heap before GC invocations=30 (full 0):
 garbage-first heap   total 76800K, used 60916K [0x00000000c3400000, 0x0000000100000000)
  region size 1024K, 16 young (16384K), 2 survivors (2048K)
 Metaspace       used 53702K, committed 54016K, reserved 1114112K
  class space    used 6074K, committed 6208K, reserved 1048576K
}
Event: 54.527 GC heap after
{Heap after GC invocations=31 (full 0):
 garbage-first heap   total 76800K, used 48067K [0x00000000c3400000, 0x0000000100000000)
  region size 1024K, 1 young (1024K), 1 survivors (1024K)
 Metaspace       used 53702K, committed 54016K, reserved 1114112K
  class space    used 6074K, committed 6208K, reserved 1048576K
}
Event: 56.843 GC heap before
{Heap before GC invocations=31 (full 0):
 garbage-first heap   total 76800K, used 61379K [0x00000000c3400000, 0x0000000100000000)
  region size 1024K, 15 young (15360K), 1 survivors (1024K)
 Metaspace       used 57021K, committed 57344K, reserved 1114112K
  class space    used 6398K, committed 6528K, reserved 1048576K
}
Event: 56.851 GC heap after
{Heap after GC invocations=32 (full 0):
 garbage-first heap   total 76800K, used 48896K [0x00000000c3400000, 0x0000000100000000)
  region size 1024K, 2 young (2048K), 2 survivors (2048K)
 Metaspace       used 57021K, committed 57344K, reserved 1114112K
  class space    used 6398K, committed 6528K, reserved 1048576K
}

