# JRE version: OpenJDK Runtime Environment (17.0.11) (build 17.0.11+0--11852314)
# Java VM: OpenJDK 64-Bit Server VM (17.0.11+0--11852314, mixed mode, tiered, compressed oops, compressed class ptrs, g1 gc, windows-amd64)
GC Precious Log:
 CPUs: 4 total, 4 available
 Memory: 3884M
 Large Page Support: Disabled
 NUMA Support: Disabled
 Compressed Oops: Enabled (32-bit)
 Heap Region Size: 1M
 Heap Min Capacity: 8M
 Heap Initial Capacity: 62M
 Heap Max Capacity: 2G
 Pre-touch: Disabled
 Parallel Workers: 4
 Concurrent Workers: 1
 Concurrent Refinement Workers: 4
 Periodic GC: Disabled
Heap:
 garbage-first heap   total 63488K, used 40386K [0x0000000080000000, 0x0000000100000000)
  region size 1024K, 15 young (15360K), 3 survivors (3072K)
 Metaspace       used 42173K, committed 42560K, reserved 491520K
  class space    used 5497K, committed 5632K, reserved 425984K
GC Heap History (20 events):
Event: 2.017 GC heap before
{Heap before GC invocations=1 (full 0):
 garbage-first heap   total 63488K, used 20740K [0x0000000080000000, 0x0000000100000000)
  region size 1024K, 17 young (17408K), 2 survivors (2048K)
 Metaspace       used 11106K, committed 11328K, reserved 491520K
  class space    used 1161K, committed 1280K, reserved 425984K
}
Event: 2.024 GC heap after
{Heap after GC invocations=2 (full 0):
 garbage-first heap   total 63488K, used 9718K [0x0000000080000000, 0x0000000100000000)
  region size 1024K, 3 young (3072K), 3 survivors (3072K)
 Metaspace       used 11106K, committed 11328K, reserved 491520K
  class space    used 1161K, committed 1280K, reserved 425984K
}
Event: 2.419 GC heap before
{Heap before GC invocations=2 (full 0):
 garbage-first heap   total 63488K, used 29174K [0x0000000080000000, 0x0000000100000000)
  region size 1024K, 22 young (22528K), 3 survivors (3072K)
 Metaspace       used 11180K, committed 11392K, reserved 491520K
  class space    used 1162K, committed 1280K, reserved 425984K
}
Event: 2.426 GC heap after
{Heap after GC invocations=3 (full 0):
 garbage-first heap   total 63488K, used 10660K [0x0000000080000000, 0x0000000100000000)
  region size 1024K, 2 young (2048K), 2 survivors (2048K)
 Metaspace       used 11180K, committed 11392K, reserved 491520K
  class space    used 1162K, committed 1280K, reserved 425984K
}
Event: 4.497 GC heap before
{Heap before GC invocations=3 (full 0):
 garbage-first heap   total 63488K, used 43428K [0x0000000080000000, 0x0000000100000000)
  region size 1024K, 33 young (33792K), 2 survivors (2048K)
 Metaspace       used 19190K, committed 19392K, reserved 491520K
  class space    used 2239K, committed 2304K, reserved 425984K
}
Event: 4.506 GC heap after
{Heap after GC invocations=4 (full 0):
 garbage-first heap   total 63488K, used 17117K [0x0000000080000000, 0x0000000100000000)
  region size 1024K, 5 young (5120K), 5 survivors (5120K)
 Metaspace       used 19190K, committed 19392K, reserved 491520K
  class space    used 2239K, committed 2304K, reserved 425984K
}
Event: 5.085 GC heap before
{Heap before GC invocations=4 (full 0):
 garbage-first heap   total 63488K, used 26333K [0x0000000080000000, 0x0000000100000000)
  region size 1024K, 16 young (16384K), 5 survivors (5120K)
 Metaspace       used 21283K, committed 21504K, reserved 491520K
  class space    used 2549K, committed 2688K, reserved 425984K
}
Event: 5.095 GC heap after
{Heap after GC invocations=5 (full 0):
 garbage-first heap   total 63488K, used 18060K [0x0000000080000000, 0x0000000100000000)
  region size 1024K, 1 young (1024K), 1 survivors (1024K)
 Metaspace       used 21283K, committed 21504K, reserved 491520K
  class space    used 2549K, committed 2688K, reserved 425984K
}
Event: 6.525 GC heap before
{Heap before GC invocations=6 (full 0):
 garbage-first heap   total 63488K, used 43660K [0x0000000080000000, 0x0000000100000000)
  region size 1024K, 26 young (26624K), 1 survivors (1024K)
 Metaspace       used 25659K, committed 25920K, reserved 491520K
  class space    used 3318K, committed 3456K, reserved 425984K
}
Event: 6.530 GC heap after
{Heap after GC invocations=7 (full 0):
 garbage-first heap   total 63488K, used 19359K [0x0000000080000000, 0x0000000100000000)
  region size 1024K, 3 young (3072K), 3 survivors (3072K)
 Metaspace       used 25659K, committed 25920K, reserved 491520K
  class space    used 3318K, committed 3456K, reserved 425984K
}
Event: 7.329 GC heap before
{Heap before GC invocations=7 (full 0):
 garbage-first heap   total 63488K, used 44959K [0x0000000080000000, 0x0000000100000000)
  region size 1024K, 28 young (28672K), 3 survivors (3072K)
 Metaspace       used 29599K, committed 29888K, reserved 491520K
  class space    used 3969K, committed 4096K, reserved 425984K
}
Event: 7.336 GC heap after
{Heap after GC invocations=8 (full 0):
 garbage-first heap   total 63488K, used 20832K [0x0000000080000000, 0x0000000100000000)
  region size 1024K, 3 young (3072K), 3 survivors (3072K)
 Metaspace       used 29599K, committed 29888K, reserved 491520K
  class space    used 3969K, committed 4096K, reserved 425984K
}
Event: 7.973 GC heap before
{Heap before GC invocations=8 (full 0):
 garbage-first heap   total 63488K, used 46432K [0x0000000080000000, 0x0000000100000000)
  region size 1024K, 28 young (28672K), 3 survivors (3072K)
 Metaspace       used 33602K, committed 33856K, reserved 491520K
  class space    used 4593K, committed 4736K, reserved 425984K
}
Event: 7.980 GC heap after
{Heap after GC invocations=9 (full 0):
 garbage-first heap   total 63488K, used 22226K [0x0000000080000000, 0x0000000100000000)
  region size 1024K, 3 young (3072K), 3 survivors (3072K)
 Metaspace       used 33602K, committed 33856K, reserved 491520K
  class space    used 4593K, committed 4736K, reserved 425984K
}
Event: 8.205 GC heap before
{Heap before GC invocations=9 (full 0):
 garbage-first heap   total 63488K, used 28370K [0x0000000080000000, 0x0000000100000000)
  region size 1024K, 11 young (11264K), 3 survivors (3072K)
 Metaspace       used 35754K, committed 35968K, reserved 491520K
  class space    used 4756K, committed 4864K, reserved 425984K
}
Event: 8.211 GC heap after
{Heap after GC invocations=10 (full 0):
 garbage-first heap   total 63488K, used 23429K [0x0000000080000000, 0x0000000100000000)
  region size 1024K, 3 young (3072K), 3 survivors (3072K)
 Metaspace       used 35754K, committed 35968K, reserved 491520K
  class space    used 4756K, committed 4864K, reserved 425984K
}
Event: 8.620 GC heap before
{Heap before GC invocations=11 (full 0):
 garbage-first heap   total 63488K, used 45957K [0x0000000080000000, 0x0000000100000000)
  region size 1024K, 26 young (26624K), 3 survivors (3072K)
 Metaspace       used 38803K, committed 39168K, reserved 491520K
  class space    used 5110K, committed 5248K, reserved 425984K
}
Event: 8.628 GC heap after
{Heap after GC invocations=12 (full 0):
 garbage-first heap   total 63488K, used 27096K [0x0000000080000000, 0x0000000100000000)
  region size 1024K, 4 young (4096K), 4 survivors (4096K)
 Metaspace       used 38803K, committed 39168K, reserved 491520K
  class space    used 5110K, committed 5248K, reserved 425984K
}
Event: 9.119 GC heap before
{Heap before GC invocations=13 (full 0):
 garbage-first heap   total 63488K, used 49624K [0x0000000080000000, 0x0000000100000000)
  region size 1024K, 24 young (24576K), 4 survivors (4096K)
 Metaspace       used 41554K, committed 41920K, reserved 491520K
  class space    used 5417K, committed 5568K, reserved 425984K
}
Event: 9.126 GC heap after
{Heap after GC invocations=14 (full 0):
 garbage-first heap   total 63488K, used 29122K [0x0000000080000000, 0x0000000100000000)
  region size 1024K, 3 young (3072K), 3 survivors (3072K)
 Metaspace       used 41554K, committed 41920K, reserved 491520K
  class space    used 5417K, committed 5568K, reserved 425984K
}

